BroadcastReceiver3Companion/app/build/outputs/logs/manifest-merger-debug-report.txt
-- Merging decision tree log ---
manifest
ADDED from src/main/AndroidManifest.xml:2:1-20:12
	package
		ADDED from src/main/AndroidManifest.xml:3:7-58
		INJECTED from src/main/AndroidManifest.xml
		INJECTED from src/main/AndroidManifest.xml
	android:versionName
		ADDED from src/main/AndroidManifest.xml:5:7-32
		INJECTED from src/main/AndroidManifest.xml
		INJECTED from src/main/AndroidManifest.xml
	android:versionCode
		ADDED from src/main/AndroidManifest.xml:4:7-30
		INJECTED from src/main/AndroidManifest.xml
		INJECTED from src/main/AndroidManifest.xml
	xmlns:android
		ADDED from src/main/AndroidManifest.xml:2:11-69
uses-permission#edu.uic.cs478.UgosPermission
ADDED from src/main/AndroidManifest.xml:7:5-67
	android:name
		ADDED from src/main/AndroidManifest.xml:7:22-65
application
ADDED from src/main/AndroidManifest.xml:9:5-19:19
	android:label
		ADDED from src/main/AndroidManifest.xml:9:18-50
	android:icon
		ADDED from src/main/AndroidManifest.xml:9:51-87
activity#edu.uic.cs478.BroadcastReceiver3Companion.CompanionActivity
ADDED from src/main/AndroidManifest.xml:11:9-17:20
	android:label
		ADDED from src/main/AndroidManifest.xml:12:19-51
	android:name
		ADDED from src/main/AndroidManifest.xml:11:19-51
intent-filter#android.intent.action.MAIN+android.intent.category.LAUNCHER
ADDED from src/main/AndroidManifest.xml:13:13-16:29
action#android.intent.action.MAIN
ADDED from src/main/AndroidManifest.xml:14:17-69
	android:name
		ADDED from src/main/AndroidManifest.xml:14:25-66
category#android.intent.category.LAUNCHER
ADDED from src/main/AndroidManifest.xml:15:17-77
	android:name
		ADDED from src/main/AndroidManifest.xml:15:27-74